c:\users\123\desktop\вуз\тех_программирорвания\tp_toguzov_bei2202\tp_toguzov_bei2202\debug\vc143.pdb
c:\users\123\desktop\вуз\тех_программирорвания\tp_toguzov_bei2202\tp_toguzov_bei2202\debug\.netframework,version=v4.7.2.assemblyattributes.obj
c:\users\123\desktop\вуз\тех_программирорвания\tp_toguzov_bei2202\tp_toguzov_bei2202\debug\massives2d.obj
c:\users\123\desktop\вуз\тех_программирорвания\tp_toguzov_bei2202\tp_toguzov_bei2202\debug\main.obj
c:\users\123\desktop\вуз\тех_программирорвания\tp_toguzov_bei2202\tp_toguzov_bei2202\debug\lab2.obj
c:\users\123\desktop\вуз\тех_программирорвания\tp_toguzov_bei2202\tp_toguzov_bei2202\debug\lab1.obj
c:\users\123\desktop\вуз\тех_программирорвания\tp_toguzov_bei2202\tp_toguzov_bei2202\debug\exchange.obj
c:\users\123\desktop\вуз\тех_программирорвания\tp_toguzov_bei2202\tp_toguzov_bei2202\debug\condition_lab7.obj
c:\users\123\desktop\вуз\тех_программирорвания\tp_toguzov_bei2202\tp_toguzov_bei2202\debug\condition_lab6.obj
c:\users\123\desktop\вуз\тех_программирорвания\tp_toguzov_bei2202\tp_toguzov_bei2202\debug\condition_lab5.obj
c:\users\123\desktop\вуз\тех_программирорвания\tp_toguzov_bei2202\tp_toguzov_bei2202\debug\condition_lab4.obj
c:\users\123\desktop\вуз\тех_программирорвания\tp_toguzov_bei2202\tp_toguzov_bei2202\debug\condition_lab3.obj
c:\users\123\desktop\вуз\тех_программирорвания\tp_toguzov_bei2202\tp_toguzov_bei2202\debug\condition_lab2.obj
c:\users\123\desktop\вуз\тех_программирорвания\tp_toguzov_bei2202\tp_toguzov_bei2202\debug\condition_lab1.obj
c:\users\123\desktop\вуз\тех_программирорвания\tp_toguzov_bei2202\tp_toguzov_bei2202\debug\dllproekt (2).dll
c:\users\123\desktop\вуз\тех_программирорвания\tp_toguzov_bei2202\tp_toguzov_bei2202\debug\interop.adox.6.0.dll
c:\users\123\desktop\вуз\тех_программирорвания\tp_toguzov_bei2202\tp_toguzov_bei2202\debug\interop.microsoft.office.interop.word.8.7.dll
c:\users\123\desktop\вуз\тех_программирорвания\tp_toguzov_bei2202\tp_toguzov_bei2202\debug\tp_toguzov_bei2202dll.dll
c:\users\123\desktop\вуз\тех_программирорвания\tp_toguzov_bei2202\tp_toguzov_bei2202\debug\interop.microsoft.office.interop.excel.1.9.dll
c:\users\123\desktop\вуз\тех_программирорвания\tp_toguzov_bei2202\tp_toguzov_bei2202\debug\stdole.dll
c:\users\123\desktop\вуз\тех_программирорвания\tp_toguzov_bei2202\tp_toguzov_bei2202\debug\tp_toguzov_bei2202dll.pdb
c:\users\123\desktop\вуз\тех_программирорвания\tp_toguzov_bei2202\tp_toguzov_bei2202\debug\tp_toguzov_bei2202.exe
c:\users\123\desktop\вуз\тех_программирорвания\tp_toguzov_bei2202\tp_toguzov_bei2202\debug\tp_toguzov_bei2202.pdb
c:\users\123\desktop\вуз\тех_программирорвания\tp_toguzov_bei2202\tp_toguzov_bei2202\debug\tp_toguz.821eaab2.tlog\metagen.write.1.tlog
c:\users\123\desktop\вуз\тех_программирорвания\tp_toguzov_bei2202\tp_toguzov_bei2202\debug\tp_toguzov_bei2202.exe.metagen
c:\users\123\desktop\вуз\тех_программирорвания\tp_toguzov_bei2202\tp_toguzov_bei2202\debug\tp_toguz.821eaab2.tlog\cl.command.1.tlog
c:\users\123\desktop\вуз\тех_программирорвания\tp_toguzov_bei2202\tp_toguzov_bei2202\debug\tp_toguz.821eaab2.tlog\cl.read.1.tlog
c:\users\123\desktop\вуз\тех_программирорвания\tp_toguzov_bei2202\tp_toguzov_bei2202\debug\tp_toguz.821eaab2.tlog\cl.write.1.tlog
c:\users\123\desktop\вуз\тех_программирорвания\tp_toguzov_bei2202\tp_toguzov_bei2202\debug\tp_toguz.821eaab2.tlog\copylocal.read.1u.tlog
c:\users\123\desktop\вуз\тех_программирорвания\tp_toguzov_bei2202\tp_toguzov_bei2202\debug\tp_toguz.821eaab2.tlog\copylocal.write.1u.tlog
c:\users\123\desktop\вуз\тех_программирорвания\tp_toguzov_bei2202\tp_toguzov_bei2202\debug\tp_toguz.821eaab2.tlog\link.command.1.tlog
c:\users\123\desktop\вуз\тех_программирорвания\tp_toguzov_bei2202\tp_toguzov_bei2202\debug\tp_toguz.821eaab2.tlog\link.read.1.tlog
c:\users\123\desktop\вуз\тех_программирорвания\tp_toguzov_bei2202\tp_toguzov_bei2202\debug\tp_toguz.821eaab2.tlog\link.write.1.tlog
c:\users\123\desktop\вуз\тех_программирорвания\tp_toguzov_bei2202\tp_toguzov_bei2202\debug\tp_toguz.821eaab2.tlog\metagen.read.1.tlog
c:\users\123\desktop\вуз\тех_программирорвания\tp_toguzov_bei2202\tp_toguzov_bei2202\debug\tp_toguz.821eaab2.tlog\resgen.command.1.tlog
c:\users\123\desktop\вуз\тех_программирорвания\tp_toguzov_bei2202\tp_toguzov_bei2202\debug\tp_toguz.821eaab2.tlog\resgen.read.1.tlog
c:\users\123\desktop\вуз\тех_программирорвания\tp_toguzov_bei2202\tp_toguzov_bei2202\debug\tp_toguz.821eaab2.tlog\resgen.write.1.tlog
c:\users\123\desktop\вуз\тех_программирорвания\tp_toguzov_bei2202\tp_toguzov_bei2202\debug\tp_toguz.821eaab2.tlog\dllproekt (2).dll.metagen
c:\users\123\desktop\вуз\тех_программирорвания\tp_toguzov_bei2202\tp_toguzov_bei2202\debug\tp_toguz.821eaab2.tlog\interop.adox.6.0.dll.metagen
