c:\users\123\desktop\вуз\тех_программирорвания\tp_toguzov_bei2202\tp_toguzov_bei2202dll\x64\debug\tp_toguzov_bei2202dll.pch
c:\users\123\desktop\вуз\тех_программирорвания\tp_toguzov_bei2202\tp_toguzov_bei2202dll\x64\debug\vc143.pdb
c:\users\123\desktop\вуз\тех_программирорвания\tp_toguzov_bei2202\tp_toguzov_bei2202dll\x64\debug\pch.obj
c:\users\123\desktop\вуз\тех_программирорвания\tp_toguzov_bei2202\tp_toguzov_bei2202dll\x64\debug\tp_toguzov_bei2202dll.obj
c:\users\123\desktop\вуз\тех_программирорвания\tp_toguzov_bei2202\tp_toguzov_bei2202dll\x64\debug\assemblyinfo.obj
c:\users\123\desktop\вуз\тех_программирорвания\tp_toguzov_bei2202\tp_toguzov_bei2202dll\x64\debug\.netframework,version=v4.7.2.assemblyattributes.obj
c:\users\123\desktop\вуз\тех_программирорвания\tp_toguzov_bei2202\tp_toguzov_bei2202dll\x64\debug\interop.adox.6.0.dll
c:\users\123\desktop\вуз\тех_программирорвания\tp_toguzov_bei2202\tp_toguzov_bei2202dll\x64\debug\interop.microsoft.office.interop.word.8.7.dll
c:\users\123\desktop\вуз\тех_программирорвания\tp_toguzov_bei2202\tp_toguzov_bei2202dll\x64\debug\stdole.dll
c:\users\123\desktop\вуз\тех_программирорвания\tp_toguzov_bei2202\tp_toguzov_bei2202dll\x64\debug\tp_toguzov_bei2202dll.dll
c:\users\123\desktop\вуз\тех_программирорвания\tp_toguzov_bei2202\tp_toguzov_bei2202dll\x64\debug\tp_toguzov_bei2202dll.pdb
c:\users\123\desktop\вуз\тех_программирорвания\tp_toguzov_bei2202\tp_toguzov_bei2202dll\x64\debug\tp_toguz.28aa25f3.tlog\metagen.write.1.tlog
c:\users\123\desktop\вуз\тех_программирорвания\tp_toguzov_bei2202\tp_toguzov_bei2202dll\x64\debug\app.res
c:\users\123\desktop\вуз\тех_программирорвания\tp_toguzov_bei2202\tp_toguzov_bei2202dll\x64\debug\tp_toguzov_bei2202dll.dll.metagen
c:\users\123\desktop\вуз\тех_программирорвания\tp_toguzov_bei2202\tp_toguzov_bei2202dll\x64\debug\tp_toguz.28aa25f3.tlog\cl.command.1.tlog
c:\users\123\desktop\вуз\тех_программирорвания\tp_toguzov_bei2202\tp_toguzov_bei2202dll\x64\debug\tp_toguz.28aa25f3.tlog\cl.read.1.tlog
c:\users\123\desktop\вуз\тех_программирорвания\tp_toguzov_bei2202\tp_toguzov_bei2202dll\x64\debug\tp_toguz.28aa25f3.tlog\cl.write.1.tlog
c:\users\123\desktop\вуз\тех_программирорвания\tp_toguzov_bei2202\tp_toguzov_bei2202dll\x64\debug\tp_toguz.28aa25f3.tlog\copylocal.read.1u.tlog
c:\users\123\desktop\вуз\тех_программирорвания\tp_toguzov_bei2202\tp_toguzov_bei2202dll\x64\debug\tp_toguz.28aa25f3.tlog\copylocal.write.1u.tlog
c:\users\123\desktop\вуз\тех_программирорвания\tp_toguzov_bei2202\tp_toguzov_bei2202dll\x64\debug\tp_toguz.28aa25f3.tlog\link.command.1.tlog
c:\users\123\desktop\вуз\тех_программирорвания\tp_toguzov_bei2202\tp_toguzov_bei2202dll\x64\debug\tp_toguz.28aa25f3.tlog\link.read.1.tlog
c:\users\123\desktop\вуз\тех_программирорвания\tp_toguzov_bei2202\tp_toguzov_bei2202dll\x64\debug\tp_toguz.28aa25f3.tlog\link.write.1.tlog
c:\users\123\desktop\вуз\тех_программирорвания\tp_toguzov_bei2202\tp_toguzov_bei2202dll\x64\debug\tp_toguz.28aa25f3.tlog\metagen.read.1.tlog
c:\users\123\desktop\вуз\тех_программирорвания\tp_toguzov_bei2202\tp_toguzov_bei2202dll\x64\debug\tp_toguz.28aa25f3.tlog\rc.command.1.tlog
c:\users\123\desktop\вуз\тех_программирорвания\tp_toguzov_bei2202\tp_toguzov_bei2202dll\x64\debug\tp_toguz.28aa25f3.tlog\rc.read.1.tlog
c:\users\123\desktop\вуз\тех_программирорвания\tp_toguzov_bei2202\tp_toguzov_bei2202dll\x64\debug\tp_toguz.28aa25f3.tlog\rc.write.1.tlog
c:\users\123\desktop\вуз\тех_программирорвания\tp_toguzov_bei2202\tp_toguzov_bei2202dll\x64\debug\tp_toguz.28aa25f3.tlog\interop.adox.6.0.dll.metagen
