  Condition_lab1.cpp
C:\Users\Александр\OneDrive\Desktop\вуз\Тех_программирорвания\TP1sem\TP_Toguzov_BEI2202\TP_Toguzov_BEI2202\Lab1.h(248,35): warning C4101: e: неиспользованная локальная переменная
  (компиляция исходного файла "Condition_lab1.cpp")
  
  Lab1.cpp
C:\Users\Александр\OneDrive\Desktop\вуз\Тех_программирорвания\TP1sem\TP_Toguzov_BEI2202\TP_Toguzov_BEI2202\Lab1.h(248,35): warning C4101: e: неиспользованная локальная переменная
  (компиляция исходного файла "Lab1.cpp")
  
  Main.cpp
C:\Users\Александр\OneDrive\Desktop\вуз\Тех_программирорвания\TP1sem\TP_Toguzov_BEI2202\TP_Toguzov_BEI2202\Lab1.h(248,35): warning C4101: e: неиспользованная локальная переменная
  (компиляция исходного файла "Main.cpp")
  
C:\Users\Александр\OneDrive\Desktop\вуз\Тех_программирорвания\TP1sem\TP_Toguzov_BEI2202\TP_Toguzov_BEI2202\Lab2.h(332,35): warning C4101: e: неиспользованная локальная переменная
  (компиляция исходного файла "Main.cpp")
  
C:\Users\Александр\OneDrive\Desktop\вуз\Тех_программирорвания\TP1sem\TP_Toguzov_BEI2202\TP_Toguzov_BEI2202\Lab2.h(361,35): warning C4101: e: неиспользованная локальная переменная
  (компиляция исходного файла "Main.cpp")
  
C:\Users\Александр\OneDrive\Desktop\вуз\Тех_программирорвания\TP1sem\TP_Toguzov_BEI2202\TP_Toguzov_BEI2202\Lab2.h(387,35): warning C4101: e: неиспользованная локальная переменная
  (компиляция исходного файла "Main.cpp")
  
C:\Users\Александр\OneDrive\Desktop\вуз\Тех_программирорвания\TP1sem\TP_Toguzov_BEI2202\TP_Toguzov_BEI2202\Lab2.h(415,35): warning C4101: e: неиспользованная локальная переменная
  (компиляция исходного файла "Main.cpp")
  
C:\Users\Александр\OneDrive\Desktop\вуз\Тех_программирорвания\TP1sem\TP_Toguzov_BEI2202\TP_Toguzov_BEI2202\massives2d.h(203,12): warning C4244: инициализация: преобразование "double" в "int", возможна потеря данных
  (компиляция исходного файла "Main.cpp")
  
C:\Users\Александр\OneDrive\Desktop\вуз\Тех_программирорвания\TP1sem\TP_Toguzov_BEI2202\TP_Toguzov_BEI2202\massives2d.h(204,12): warning C4244: инициализация: преобразование "double" в "int", возможна потеря данных
  (компиляция исходного файла "Main.cpp")
  
C:\Users\Александр\OneDrive\Desktop\вуз\Тех_программирорвания\TP1sem\TP_Toguzov_BEI2202\TP_Toguzov_BEI2202\massives2d.h(211,35): warning C4101: e: неиспользованная локальная переменная
  (компиляция исходного файла "Main.cpp")
  
  Создание кода...
  Condition_lab1.obj : обнаружен модуль MSIL; для MSIL последовательная компоновка отключена; выполняется полная компоновка
  TP_Toguzov_BEI2202.vcxproj -> C:\Users\Александр\OneDrive\Desktop\вуз\Тех_программирорвания\TP1sem\TP_Toguzov_BEI2202\TP_Toguzov_BEI2202\x64\Debug\TP_Toguzov_BEI2202.exe
