C:\Users\123\Desktop\Новая папка (2)\MyFirstProject\Debug\cl.command.1.tlog
C:\Users\123\Desktop\Новая папка (2)\MyFirstProject\Debug\CL.read.1.tlog
C:\Users\123\Desktop\Новая папка (2)\MyFirstProject\Debug\CL.write.1.tlog
C:\Users\123\Desktop\Новая папка (2)\MyFirstProject\Debug\link.7660.read.1.tlog
C:\Users\123\Desktop\Новая папка (2)\MyFirstProject\Debug\link.7660.write.1.tlog
C:\Users\123\Desktop\Новая папка (2)\MyFirstProject\Debug\link.7660-cvtres.read.1.tlog
C:\Users\123\Desktop\Новая папка (2)\MyFirstProject\Debug\link.7660-cvtres.write.1.tlog
C:\Users\123\Desktop\Новая папка (2)\MyFirstProject\Debug\link.command.1.tlog
C:\Users\123\Desktop\Новая папка (2)\MyFirstProject\Debug\link.read.1.tlog
C:\Users\123\Desktop\Новая папка (2)\MyFirstProject\Debug\link.write.1.tlog
C:\Users\123\Desktop\Новая папка (2)\MyFirstProject\Debug\link-cvtres.read.1.tlog
C:\Users\123\Desktop\Новая папка (2)\MyFirstProject\Debug\link-cvtres.write.1.tlog
C:\Users\123\Desktop\Новая папка (2)\MyFirstProject\Debug\mt.command.1.tlog
C:\Users\123\Desktop\Новая папка (2)\MyFirstProject\Debug\mt.read.1.tlog
C:\Users\123\Desktop\Новая папка (2)\MyFirstProject\Debug\mt.write.1.tlog
C:\USERS\123\DESKTOP\Новая папка (2)\MYFIRSTPROJECT\DEBUG\MYFIRSTPROJECT.EXE
C:\USERS\123\DESKTOP\Новая папка (2)\MYFIRSTPROJECT\DEBUG\MYFIRSTPROJECT.EXE.EMBED.MANIFEST
C:\USERS\123\DESKTOP\Новая папка (2)\MYFIRSTPROJECT\DEBUG\MYFIRSTPROJECT.EXE.EMBED.MANIFEST.RES
C:\USERS\123\DESKTOP\Новая папка (2)\MYFIRSTPROJECT\DEBUG\MYFIRSTPROJECT.EXE.INTERMEDIATE.MANIFEST
C:\USERS\123\DESKTOP\Новая папка (2)\MYFIRSTPROJECT\DEBUG\MYFIRSTPROJECT.ILK
C:\USERS\123\DESKTOP\НОВАЯ ПАПКА (2)\MYFIRSTPROJECT\DEBUG\MYFIRSTPROJECT.PDB
C:\Users\123\Desktop\Новая папка (2)\MyFirstProject\Debug\MyFirstProject.vcxprojResolveAssemblyReference.cache
C:\Users\123\Desktop\Новая папка (2)\MyFirstProject\Debug\MyFirstProject.write.1.tlog
C:\Users\123\Desktop\Новая папка (2)\MyFirstProject\Debug\MyFirstProject_manifest.rc
C:\Users\123\Desktop\Новая папка (2)\MyFirstProject\Debug\rc.command.1.tlog
C:\Users\123\Desktop\Новая папка (2)\MyFirstProject\Debug\rc.read.1.tlog
C:\Users\123\Desktop\Новая папка (2)\MyFirstProject\Debug\rc.write.1.tlog
C:\Users\123\Desktop\Новая папка (2)\MyFirstProject\Debug\vc100.idb
C:\USERS\123\DESKTOP\НОВАЯ ПАПКА (2)\MYFIRSTPROJECT\DEBUG\VC100.PDB
