  Gamedev.cpp
C:\Users\Александр\OneDrive\Desktop\вуз\Тех_программирорвания\Game\Game\Header.h(135,58): warning C4244: аргумент: преобразование "int" в "float", возможна потеря данных
  (компиляция исходного файла "Gamedev.cpp")
  
C:\Users\Александр\OneDrive\Desktop\вуз\Тех_программирорвания\Game\Game\Header.h(135,46): warning C4244: аргумент: преобразование "int" в "float", возможна потеря данных
  (компиляция исходного файла "Gamedev.cpp")
  
C:\Users\Александр\OneDrive\Desktop\вуз\Тех_программирорвания\Game\Game\Header.h(143,103): warning C4244: аргумент: преобразование "int" в "float", возможна потеря данных
  (компиляция исходного файла "Gamedev.cpp")
  
C:\Users\Александр\OneDrive\Desktop\вуз\Тех_программирорвания\Game\Game\Header.h(143,71): warning C4244: аргумент: преобразование "int" в "float", возможна потеря данных
  (компиляция исходного файла "Gamedev.cpp")
  
C:\Users\Александр\OneDrive\Desktop\вуз\Тех_программирорвания\Game\Game\Header.h(145,30): warning C4244: инициализация: преобразование "double" в "float", возможна потеря данных
  (компиляция исходного файла "Gamedev.cpp")
  
C:\Users\Александр\OneDrive\Desktop\вуз\Тех_программирорвания\Game\Game\Header.h(159,102): warning C4244: аргумент: преобразование "int" в "float", возможна потеря данных
  (компиляция исходного файла "Gamedev.cpp")
  
C:\Users\Александр\OneDrive\Desktop\вуз\Тех_программирорвания\Game\Game\Header.h(159,70): warning C4244: аргумент: преобразование "int" в "float", возможна потеря данных
  (компиляция исходного файла "Gamedev.cpp")
  
C:\Users\Александр\OneDrive\Desktop\вуз\Тех_программирорвания\Game\Game\Header.h(197,102): warning C4244: аргумент: преобразование "int" в "float", возможна потеря данных
  (компиляция исходного файла "Gamedev.cpp")
  
C:\Users\Александр\OneDrive\Desktop\вуз\Тех_программирорвания\Game\Game\Header.h(197,70): warning C4244: аргумент: преобразование "int" в "float", возможна потеря данных
  (компиляция исходного файла "Gamedev.cpp")
  
C:\Users\Александр\OneDrive\Desktop\вуз\Тех_программирорвания\Game\Game\Header.h(295,102): warning C4244: аргумент: преобразование "int" в "float", возможна потеря данных
  (компиляция исходного файла "Gamedev.cpp")
  
C:\Users\Александр\OneDrive\Desktop\вуз\Тех_программирорвания\Game\Game\Header.h(295,70): warning C4244: аргумент: преобразование "int" в "float", возможна потеря данных
  (компиляция исходного файла "Gamedev.cpp")
  
  Gamedev.obj : обнаружен модуль MSIL; для MSIL последовательная компоновка отключена; выполняется полная компоновка
  Game.vcxproj -> C:\Users\Александр\OneDrive\Desktop\вуз\Тех_программирорвания\Game\x64\Debug\Game.exe
