Построение начато 02.10.2022 17:55:30.
     1>Проект "C:\Users\123\Desktop\вуз\информатика\лабораторная2\лаб2\лаб2.vcxproj" в узле 2 (целевые объекты build).
     1>InitializeBuildStatus:
         Обращение к "Debug\лаб2.unsuccessfulbuild".
       ClCompile:
         C:\Program Files (x86)\Microsoft Visual Studio 10.0\VC\bin\CL.exe /c /ZI /nologo /W3 /WX- /Od /Oy- /D WIN32 /D _DEBUG /D _CONSOLE /D _UNICODE /D UNICODE /Gm /EHsc /RTC1 /MDd /GS /fp:precise /Zc:wchar_t /Zc:forScope /Fo"Debug\\" /Fd"Debug\vc100.pdb" /Gd /TP /analyze- /errorReport:prompt "лаб2.cpp"
         лаб2.cpp
     1>c:\users\123\desktop\вуз\информатика\лабораторная2\лаб2\лаб2.cpp(15): warning C4244: инициализация: преобразование "double" в "int", возможна потеря данных
     1>c:\users\123\desktop\вуз\информатика\лабораторная2\лаб2\лаб2.cpp(17): warning C4244: инициализация: преобразование "double" в "int", возможна потеря данных
     1>c:\users\123\desktop\вуз\информатика\лабораторная2\лаб2\лаб2.cpp(18): warning C4244: инициализация: преобразование "double" в "int", возможна потеря данных
       ManifestResourceCompile:
         Для всех выходных данных обновления не требуется.
       Link:
         C:\Program Files (x86)\Microsoft Visual Studio 10.0\VC\bin\link.exe /ERRORREPORT:PROMPT /OUT:"C:\Users\123\Desktop\вуз\информатика\лабораторная2\лаб2\Debug\лаб2.exe" /INCREMENTAL /NOLOGO kernel32.lib user32.lib gdi32.lib winspool.lib comdlg32.lib advapi32.lib shell32.lib ole32.lib oleaut32.lib uuid.lib odbc32.lib odbccp32.lib /MANIFEST /ManifestFile:"Debug\лаб2.exe.intermediate.manifest" /MANIFESTUAC:"level='asInvoker' uiAccess='false'" /DEBUG /PDB:"C:\Users\123\Desktop\вуз\информатика\лабораторная2\лаб2\Debug\лаб2.pdb" /SUBSYSTEM:CONSOLE /TLBID:1 /DYNAMICBASE /NXCOMPAT /IMPLIB:"C:\Users\123\Desktop\вуз\информатика\лабораторная2\лаб2\Debug\лаб2.lib" /MACHINE:X86 "Debug\лаб2.exe.embed.manifest.res"
         "Debug\лаб2.obj"
       Manifest:
         C:\Program Files (x86)\Microsoft SDKs\Windows\v7.0A\bin\mt.exe /nologo /verbose /out:"Debug\лаб2.exe.embed.manifest" /manifest "Debug\лаб2.exe.intermediate.manifest"
         Для всех выходных данных обновления не требуется.
       LinkEmbedManifest:
         Для всех выходных данных обновления не требуется.
         лаб2.vcxproj -> C:\Users\123\Desktop\вуз\информатика\лабораторная2\лаб2\Debug\лаб2.exe
       FinalizeBuildStatus:
         Файл "Debug\лаб2.unsuccessfulbuild" удаляется.
         Обращение к "Debug\лаб2.lastbuildstate".
     1>Построение проекта "C:\Users\123\Desktop\вуз\информатика\лабораторная2\лаб2\лаб2.vcxproj" завершено (целевые объекты build).

Построение успешно завершено.

Затраченное время: 00:00:00.67
